============================================================================================== 
Warning! Mixing Conda and module environments may lead to corruption of the
user environment. 
We do not recommend users mixing those two environments unless absolutely
necessary. Note that 
SURF does not provide any support for Conda environment.
For more information, please refer to our software policy page:
https://servicedesk.surf.nl/wiki/display/WIKI/Software+policy+Snellius#SoftwarepolicySnellius-UseofAnacondaandMinicondaenvironmentsonSnellius 

Remember that many packages have already been installed on the system and can
be loaded using 
the 'module load <package__name>' command. If you are uncertain if a package is
already available 
on the system, please use 'module avail' or 'module spider' to search for it.
============================================================================================== 
/home/scur0209/.conda/envs/atcs-nli/bin/python: No module named cross_lingual_subnets.pruning
srun: error: gcn2: task 0: Exited with exit code 1
srun: Terminating StepId=6285636.0
/home/scur0209/.conda/envs/atcs-nli/bin/python: No module named cross_lingual_subnets.pruning
srun: error: gcn2: task 0: Exited with exit code 1
srun: Terminating StepId=6285636.1
/home/scur0209/.conda/envs/atcs-nli/bin/python: No module named cross_lingual_subnets.pruning
srun: error: gcn2: task 0: Exited with exit code 1
srun: Terminating StepId=6285636.2
/home/scur0209/.conda/envs/atcs-nli/bin/python: No module named cross_lingual_subnets.pruning
srun: error: gcn2: task 0: Exited with exit code 1
srun: Terminating StepId=6285636.3
/home/scur0209/.conda/envs/atcs-nli/bin/python: No module named cross_lingual_subnets.pruning
srun: error: gcn2: task 0: Exited with exit code 1
srun: Terminating StepId=6285636.4
/home/scur0209/.conda/envs/atcs-nli/bin/python: No module named cross_lingual_subnets.pruning
srun: error: gcn2: task 0: Exited with exit code 1
srun: Terminating StepId=6285636.5
/home/scur0209/.conda/envs/atcs-nli/bin/python: No module named cross_lingual_subnets.pruning
srun: error: gcn2: task 0: Exited with exit code 1
srun: Terminating StepId=6285636.6
/home/scur0209/.conda/envs/atcs-nli/bin/python: No module named cross_lingual_subnets.pruning
srun: error: gcn2: task 0: Exited with exit code 1
srun: Terminating StepId=6285636.7

JOB STATISTICS
==============
Job ID: 6285636
Cluster: snellius
User/Group: scur0209/scur0209
State: FAILED (exit code 1)
Nodes: 1
Cores per node: 18
CPU Utilized: 00:00:03
CPU Efficiency: 0.79% of 00:06:18 core-walltime
Job Wall-clock time: 00:00:21
Memory Utilized: 1.20 MB
Memory Efficiency: 0.00% of 60.00 GB
